Added Component: Designator=C1(C_0201)
Added Component: Designator=C2(C_0201)
Added Component: Designator=D1(BZX584C9V1)
Added Component: Designator=I1(XT30PW-M)
Added Component: Designator=O1(Oscillator)
Added Component: Designator=R1(R_0201)
Added Component: Designator=U1(STM32F407ZGT6)
Added Pin To Net: NetName=GND Pin=C1-1
Added Pin To Net: NetName=GND Pin=C2-1
Added Pin To Net: NetName=GND Pin=O1-2
Added Pin To Net: NetName=GND Pin=O1-4
Added Net: Name=GND
Added Pin To Net: NetName=OSC_IN Pin=C1-2
Added Pin To Net: NetName=OSC_IN Pin=O1-3
Added Pin To Net: NetName=OSC_IN Pin=R1-2
Added Pin To Net: NetName=OSC_IN Pin=U1-8
Added Net: Name=OSC_IN
Added Pin To Net: NetName=OSC_OUT Pin=C2-2
Added Pin To Net: NetName=OSC_OUT Pin=O1-1
Added Pin To Net: NetName=OSC_OUT Pin=R1-1
Added Pin To Net: NetName=OSC_OUT Pin=U1-9
Added Net: Name=OSC_OUT
Added Class: Name=Sheet1
