Removed Pin From Net: NetName=VSS Pin=C16-2
Removed Pin From Net: NetName=VSS Pin=C18-1
Removed Pin From Net: NetName=VBAT Pin=C18-2
Removed Pin From Net: NetName=VSS Pin=C19-1
Removed Pin From Net: NetName=VBAT Pin=C19-2
Removed Pin From Net: NetName=VBAT Pin=R7-2
Removed Pin From Net: NetName=SPI1_SCK Pin=R9-1
Removed Pin From Net: NetName=VBAT Pin=U1-108
Added Pin To Net: NetName=VSS Pin=C16-1
Added Pin To Net: NetName=VBAT Pin=C18-1
Added Pin To Net: NetName=VSS Pin=C18-2
Added Pin To Net: NetName=VBAT Pin=C19-1
Added Pin To Net: NetName=VSS Pin=C19-2
Added Pin To Net: NetName=SPI1_SCK Pin=R9-2
Change Net Name : Old Net Name=VBAT New Net Name=3.3V
Change Net Name : Old Net Name=VCAP_2 New Net Name=NetC22_1
Change Net Name : Old Net Name=VSS New Net Name=GND
Added Pin To Net: NetName=NetC16_2 Pin=C16-2
Added Pin To Net: NetName=NetC16_2 Pin=U1-71
Added Net: Name=NetC16_2
Added Pin To Net: NetName=NetR9_1 Pin=R9-1
Added Pin To Net: NetName=NetR9_1 Pin=U1-41
Added Net: Name=NetR9_1
Added Pin To Net: NetName=VDD Pin=R7-2
Added Pin To Net: NetName=VDD Pin=U1-108
Added Net: Name=VDD
