Added Component: Designator=C1(C_0201)
Added Component: Designator=C2(C_0201)
Added Component: Designator=C3(C_0201)
Added Component: Designator=C4(C_0201)
Added Component: Designator=C5(C_0201)
Added Component: Designator=C6(C_0201)
Added Component: Designator=C7(C_0201)
Added Component: Designator=C8(C_0201)
Added Component: Designator=C9(C_0201)
Added Component: Designator=C10(C_0201)
Added Component: Designator=C11(C_0201)
Added Component: Designator=C12(C_0201)
Added Component: Designator=C13(C_0201)
Added Component: Designator=C14(C_0201)
Added Component: Designator=C15(C_0201)
Added Component: Designator=C16(C_0201)
Added Component: Designator=C17(C_8*10.5)
Added Component: Designator=C18(C_0201)
Added Component: Designator=C19(C_0201)
Added Component: Designator=C20(C_0201)
Added Component: Designator=C21(C_0201)
Added Component: Designator=C22(C_0201)
Added Component: Designator=C23(C_0201)
Added Component: Designator=C24(C_0402)
Added Component: Designator=C25(C_0402)
Added Component: Designator=C26(C_0402)
Added Component: Designator=C27(C_0402)
Added Component: Designator=C28(C_0402)
Added Component: Designator=C29(C_0402)
Added Component: Designator=C30(C_0201)
Added Component: Designator=C31(C_0603)
Added Component: Designator=C32(C_0603)
Added Component: Designator=C33(C_0603)
Added Component: Designator=C34(C_0402)
Added Component: Designator=C35(C_0402)
Added Component: Designator=D1(SMAJ5.0A)
Added Component: Designator=D2(PESD5V0F1BL)
Added Component: Designator=D3(LED_0603)
Added Component: Designator=D4(LED_0603)
Added Component: Designator=D5(PESD5V0F1BL)
Added Component: Designator=D6(PESD5V0F1BL)
Added Component: Designator=I1(XT30PW-M)
Added Component: Designator=I2(PH2.0-4P)
Added Component: Designator=I3(PH2.0-2P)
Added Component: Designator=I4(PH2.0-4P)
Added Component: Designator=I5(PH2.0-4P)
Added Component: Designator=I6(PH2.0-3P)
Added Component: Designator=I7(PH2.0-3P)
Added Component: Designator=I8(PH2.0-5P)
Added Component: Designator=I9(PH2.0-4P)
Added Component: Designator=L1(L_0402)
Added Component: Designator=L2(L_0402)
Added Component: Designator=O1(Oscillator)
Added Component: Designator=R1(R_0201)
Added Component: Designator=R2(R_0402)
Added Component: Designator=R3(R_0402)
Added Component: Designator=R4(R_0402)
Added Component: Designator=R5(R_0201)
Added Component: Designator=R6(R_0201)
Added Component: Designator=R7(R_0201)
Added Component: Designator=R8(R_0402)
Added Component: Designator=R9(R_0402)
Added Component: Designator=R10(R_0603)
Added Component: Designator=R11(R_0402)
Added Component: Designator=R12(R_0402)
Added Component: Designator=R13(R_0402)
Added Component: Designator=R14(R_0603)
Added Component: Designator=R15(R_0603)
Added Component: Designator=R16(R_0603)
Added Component: Designator=R17(R_0603)
Added Component: Designator=R18(R_0603)
Added Component: Designator=R19(R_0402)
Added Component: Designator=R20(R_0402)
Added Component: Designator=R21(R_0402)
Added Component: Designator=R22(R_0402)
Added Component: Designator=R23(R_0402)
Added Component: Designator=R24(R_0402)
Added Component: Designator=R25(R_0402)
Added Component: Designator=R26(R_0402)
Added Component: Designator=R27(R_0402)
Added Component: Designator=R28(R_0402)
Added Component: Designator=R29(R_0402)
Added Component: Designator=R30(R_0402)
Added Component: Designator=R31(R_0402)
Added Component: Designator=S1(SWITCH-4P)
Added Component: Designator=U1(STM32F407ZGT6)
Added Component: Designator=U2(RY8121)
Added Component: Designator=U3(SY8089A1AAC)
Added Component: Designator=U4(TJA1044GTK/3Z)
Added Pin To Net: NetName=+5 Pin=C24-2
Added Pin To Net: NetName=+5 Pin=C25-2
Added Pin To Net: NetName=+5 Pin=C26-2
Added Pin To Net: NetName=+5 Pin=C33-2
Added Pin To Net: NetName=+5 Pin=C34-2
Added Pin To Net: NetName=+5 Pin=I4-3
Added Pin To Net: NetName=+5 Pin=I5-3
Added Pin To Net: NetName=+5 Pin=I6-1
Added Pin To Net: NetName=+5 Pin=I7-1
Added Pin To Net: NetName=+5 Pin=I9-3
Added Pin To Net: NetName=+5 Pin=L1-1
Added Pin To Net: NetName=+5 Pin=R10-2
Added Pin To Net: NetName=+5 Pin=U3-1
Added Pin To Net: NetName=+5 Pin=U3-4
Added Pin To Net: NetName=+5 Pin=U4-3
Added Net: Name=+5
Added Pin To Net: NetName=3.3V Pin=C2-2
Added Pin To Net: NetName=3.3V Pin=C3-1
Added Pin To Net: NetName=3.3V Pin=C4-1
Added Pin To Net: NetName=3.3V Pin=C5-1
Added Pin To Net: NetName=3.3V Pin=C6-1
Added Pin To Net: NetName=3.3V Pin=C7-1
Added Pin To Net: NetName=3.3V Pin=C8-1
Added Pin To Net: NetName=3.3V Pin=C9-1
Added Pin To Net: NetName=3.3V Pin=C10-1
Added Pin To Net: NetName=3.3V Pin=C11-1
Added Pin To Net: NetName=3.3V Pin=C12-1
Added Pin To Net: NetName=3.3V Pin=C13-1
Added Pin To Net: NetName=3.3V Pin=C14-1
Added Pin To Net: NetName=3.3V Pin=C15-1
Added Pin To Net: NetName=3.3V Pin=C18-2
Added Pin To Net: NetName=3.3V Pin=C19-2
Added Pin To Net: NetName=3.3V Pin=C20-1
Added Pin To Net: NetName=3.3V Pin=C21-1
Added Pin To Net: NetName=3.3V Pin=C31-2
Added Pin To Net: NetName=3.3V Pin=C32-2
Added Pin To Net: NetName=3.3V Pin=C35-2
Added Pin To Net: NetName=3.3V Pin=D2-2
Added Pin To Net: NetName=3.3V Pin=I2-1
Added Pin To Net: NetName=3.3V Pin=I8-1
Added Pin To Net: NetName=3.3V Pin=L2-2
Added Pin To Net: NetName=3.3V Pin=R7-2
Added Pin To Net: NetName=3.3V Pin=R14-2
Added Pin To Net: NetName=3.3V Pin=R16-2
Added Pin To Net: NetName=3.3V Pin=R17-2
Added Pin To Net: NetName=3.3V Pin=R23-2
Added Pin To Net: NetName=3.3V Pin=R24-2
Added Pin To Net: NetName=3.3V Pin=R27-1
Added Pin To Net: NetName=3.3V Pin=R28-1
Added Pin To Net: NetName=3.3V Pin=R29-2
Added Pin To Net: NetName=3.3V Pin=R31-2
Added Pin To Net: NetName=3.3V Pin=U1-6
Added Pin To Net: NetName=3.3V Pin=U1-17
Added Pin To Net: NetName=3.3V Pin=U1-30
Added Pin To Net: NetName=3.3V Pin=U1-32
Added Pin To Net: NetName=3.3V Pin=U1-33
Added Pin To Net: NetName=3.3V Pin=U1-39
Added Pin To Net: NetName=3.3V Pin=U1-52
Added Pin To Net: NetName=3.3V Pin=U1-62
Added Pin To Net: NetName=3.3V Pin=U1-72
Added Pin To Net: NetName=3.3V Pin=U1-84
Added Pin To Net: NetName=3.3V Pin=U1-95
Added Pin To Net: NetName=3.3V Pin=U1-108
Added Pin To Net: NetName=3.3V Pin=U1-121
Added Pin To Net: NetName=3.3V Pin=U1-131
Added Pin To Net: NetName=3.3V Pin=U1-143
Added Pin To Net: NetName=3.3V Pin=U1-144
Added Pin To Net: NetName=3.3V Pin=U4-5
Added Net: Name=3.3V
Added Pin To Net: NetName=CAN1_H Pin=I3-1
Added Pin To Net: NetName=CAN1_H Pin=R19-1
Added Net: Name=CAN1_H
Added Pin To Net: NetName=CAN1_RX Pin=R22-1
Added Pin To Net: NetName=CAN1_RX Pin=U1-103
Added Net: Name=CAN1_RX
Added Pin To Net: NetName=CAN1_TX Pin=R9-1
Added Pin To Net: NetName=CAN1_TX Pin=U4-1
Added Net: Name=CAN1_TX
Added Pin To Net: NetName=CAN2_L Pin=I3-2
Added Pin To Net: NetName=CAN2_L Pin=R21-1
Added Net: Name=CAN2_L
Added Pin To Net: NetName=GND Pin=C1-1
Added Pin To Net: NetName=GND Pin=C2-1
Added Pin To Net: NetName=GND Pin=C3-2
Added Pin To Net: NetName=GND Pin=C4-2
Added Pin To Net: NetName=GND Pin=C5-2
Added Pin To Net: NetName=GND Pin=C6-2
Added Pin To Net: NetName=GND Pin=C7-2
Added Pin To Net: NetName=GND Pin=C8-2
Added Pin To Net: NetName=GND Pin=C9-2
Added Pin To Net: NetName=GND Pin=C10-2
Added Pin To Net: NetName=GND Pin=C11-2
Added Pin To Net: NetName=GND Pin=C12-2
Added Pin To Net: NetName=GND Pin=C13-2
Added Pin To Net: NetName=GND Pin=C14-2
Added Pin To Net: NetName=GND Pin=C15-2
Added Pin To Net: NetName=GND Pin=C16-1
Added Pin To Net: NetName=GND Pin=C17-2
Added Pin To Net: NetName=GND Pin=C18-1
Added Pin To Net: NetName=GND Pin=C19-1
Added Pin To Net: NetName=GND Pin=C20-2
Added Pin To Net: NetName=GND Pin=C21-2
Added Pin To Net: NetName=GND Pin=C22-2
Added Pin To Net: NetName=GND Pin=C23-1
Added Pin To Net: NetName=GND Pin=C24-1
Added Pin To Net: NetName=GND Pin=C25-1
Added Pin To Net: NetName=GND Pin=C28-2
Added Pin To Net: NetName=GND Pin=C29-2
Added Pin To Net: NetName=GND Pin=C30-1
Added Pin To Net: NetName=GND Pin=C32-1
Added Pin To Net: NetName=GND Pin=C33-1
Added Pin To Net: NetName=GND Pin=C34-1
Added Pin To Net: NetName=GND Pin=C35-1
Added Pin To Net: NetName=GND Pin=D1-2
Added Pin To Net: NetName=GND Pin=D2-1
Added Pin To Net: NetName=GND Pin=D4-1
Added Pin To Net: NetName=GND Pin=D5-2
Added Pin To Net: NetName=GND Pin=D6-2
Added Pin To Net: NetName=GND Pin=I1-1
Added Pin To Net: NetName=GND Pin=I2-2
Added Pin To Net: NetName=GND Pin=I3-4
Added Pin To Net: NetName=GND Pin=I3-5
Added Pin To Net: NetName=GND Pin=I4-2
Added Pin To Net: NetName=GND Pin=I5-2
Added Pin To Net: NetName=GND Pin=I6-2
Added Pin To Net: NetName=GND Pin=I7-2
Added Pin To Net: NetName=GND Pin=I8-5
Added Pin To Net: NetName=GND Pin=I9-2
Added Pin To Net: NetName=GND Pin=O1-2
Added Pin To Net: NetName=GND Pin=O1-4
Added Pin To Net: NetName=GND Pin=R2-1
Added Pin To Net: NetName=GND Pin=R15-1
Added Pin To Net: NetName=GND Pin=R18-1
Added Pin To Net: NetName=GND Pin=S1-4
Added Pin To Net: NetName=GND Pin=U1-16
Added Pin To Net: NetName=GND Pin=U1-31
Added Pin To Net: NetName=GND Pin=U1-38
Added Pin To Net: NetName=GND Pin=U1-51
Added Pin To Net: NetName=GND Pin=U1-61
Added Pin To Net: NetName=GND Pin=U1-83
Added Pin To Net: NetName=GND Pin=U1-94
Added Pin To Net: NetName=GND Pin=U1-107
Added Pin To Net: NetName=GND Pin=U1-120
Added Pin To Net: NetName=GND Pin=U1-130
Added Pin To Net: NetName=GND Pin=U2-2
Added Pin To Net: NetName=GND Pin=U3-2
Added Pin To Net: NetName=GND Pin=U4-2
Added Pin To Net: NetName=GND Pin=U4-8
Added Pin To Net: NetName=GND Pin=U4-9
Added Net: Name=GND
Added Pin To Net: NetName=I2C1_SCL Pin=I9-1
Added Pin To Net: NetName=I2C1_SCL Pin=R4-1
Added Pin To Net: NetName=I2C1_SCL Pin=R31-1
Added Net: Name=I2C1_SCL
Added Pin To Net: NetName=I2C1_SDA Pin=I9-4
Added Pin To Net: NetName=I2C1_SDA Pin=R3-1
Added Pin To Net: NetName=I2C1_SDA Pin=R29-1
Added Net: Name=I2C1_SDA
Added Pin To Net: NetName=LED Pin=D3-1
Added Pin To Net: NetName=LED Pin=U1-79
Added Net: Name=LED
Added Pin To Net: NetName=NetC22_1 Pin=C22-1
Added Pin To Net: NetName=NetC22_1 Pin=U1-106
Added Net: Name=NetC22_1
Added Pin To Net: NetName=NetC26_1 Pin=C26-1
Added Pin To Net: NetName=NetC26_1 Pin=R10-1
Added Pin To Net: NetName=NetC26_1 Pin=R15-2
Added Pin To Net: NetName=NetC26_1 Pin=U2-3
Added Net: Name=NetC26_1
Added Pin To Net: NetName=NetC27_1 Pin=C27-1
Added Pin To Net: NetName=NetC27_1 Pin=U2-1
Added Net: Name=NetC27_1
Added Pin To Net: NetName=NetC27_2 Pin=C27-2
Added Pin To Net: NetName=NetC27_2 Pin=L1-2
Added Pin To Net: NetName=NetC27_2 Pin=U2-6
Added Net: Name=NetC27_2
Added Pin To Net: NetName=NetC30_2 Pin=C30-2
Added Pin To Net: NetName=NetC30_2 Pin=U1-71
Added Net: Name=NetC30_2
Added Pin To Net: NetName=NetC31_1 Pin=C31-1
Added Pin To Net: NetName=NetC31_1 Pin=R17-1
Added Pin To Net: NetName=NetC31_1 Pin=R18-2
Added Pin To Net: NetName=NetC31_1 Pin=U3-5
Added Net: Name=NetC31_1
Added Pin To Net: NetName=NetD3_2 Pin=D3-2
Added Pin To Net: NetName=NetD3_2 Pin=R14-1
Added Net: Name=NetD3_2
Added Pin To Net: NetName=NetD4_2 Pin=D4-2
Added Pin To Net: NetName=NetD4_2 Pin=R16-1
Added Net: Name=NetD4_2
Added Pin To Net: NetName=NetI2_3 Pin=I2-3
Added Pin To Net: NetName=NetI2_3 Pin=R6-1
Added Net: Name=NetI2_3
Added Pin To Net: NetName=NetI2_4 Pin=I2-4
Added Pin To Net: NetName=NetI2_4 Pin=R5-1
Added Net: Name=NetI2_4
Added Pin To Net: NetName=NetI4_1 Pin=I4-1
Added Pin To Net: NetName=NetI4_1 Pin=R25-1
Added Pin To Net: NetName=NetI4_1 Pin=R27-2
Added Net: Name=NetI4_1
Added Pin To Net: NetName=NetI5_1 Pin=I5-1
Added Pin To Net: NetName=NetI5_1 Pin=R26-1
Added Pin To Net: NetName=NetI5_1 Pin=R28-2
Added Net: Name=NetI5_1
Added Pin To Net: NetName=NetI8_3 Pin=I8-3
Added Pin To Net: NetName=NetI8_3 Pin=R30-1
Added Net: Name=NetI8_3
Added Pin To Net: NetName=NetL2_1 Pin=L2-1
Added Pin To Net: NetName=NetL2_1 Pin=U3-3
Added Net: Name=NetL2_1
Added Pin To Net: NetName=NetR2_2 Pin=R2-2
Added Pin To Net: NetName=NetR2_2 Pin=U1-138
Added Net: Name=NetR2_2
Added Pin To Net: NetName=NetR3_2 Pin=R3-2
Added Pin To Net: NetName=NetR3_2 Pin=U1-137
Added Net: Name=NetR3_2
Added Pin To Net: NetName=NetR4_2 Pin=R4-2
Added Pin To Net: NetName=NetR4_2 Pin=U1-136
Added Net: Name=NetR4_2
Added Pin To Net: NetName=NetR8_1 Pin=R8-1
Added Pin To Net: NetName=NetR8_1 Pin=U1-41
Added Net: Name=NetR8_1
Added Pin To Net: NetName=NetR9_2 Pin=R9-2
Added Pin To Net: NetName=NetR9_2 Pin=U1-104
Added Net: Name=NetR9_2
Added Pin To Net: NetName=NetR11_1 Pin=R11-1
Added Pin To Net: NetName=NetR11_1 Pin=U1-43
Added Net: Name=NetR11_1
Added Pin To Net: NetName=NetR12_2 Pin=R12-2
Added Pin To Net: NetName=NetR12_2 Pin=U1-101
Added Net: Name=NetR12_2
Added Pin To Net: NetName=NetR13_2 Pin=R13-2
Added Pin To Net: NetName=NetR13_2 Pin=U1-96
Added Net: Name=NetR13_2
Added Pin To Net: NetName=NetR19_2 Pin=R19-2
Added Pin To Net: NetName=NetR19_2 Pin=R20-2
Added Pin To Net: NetName=NetR19_2 Pin=U4-7
Added Net: Name=NetR19_2
Added Pin To Net: NetName=NetR20_1 Pin=R20-1
Added Pin To Net: NetName=NetR20_1 Pin=R21-2
Added Pin To Net: NetName=NetR20_1 Pin=U4-6
Added Net: Name=NetR20_1
Added Pin To Net: NetName=NetR22_2 Pin=R22-2
Added Pin To Net: NetName=NetR22_2 Pin=U4-4
Added Net: Name=NetR22_2
Added Pin To Net: NetName=NRST Pin=C23-2
Added Pin To Net: NetName=NRST Pin=R7-1
Added Pin To Net: NetName=NRST Pin=S1-1
Added Pin To Net: NetName=NRST Pin=U1-25
Added Net: Name=NRST
Added Pin To Net: NetName=OSC_IN Pin=C1-2
Added Pin To Net: NetName=OSC_IN Pin=O1-3
Added Pin To Net: NetName=OSC_IN Pin=R1-2
Added Pin To Net: NetName=OSC_IN Pin=U1-23
Added Net: Name=OSC_IN
Added Pin To Net: NetName=OSC_OUT Pin=C16-2
Added Pin To Net: NetName=OSC_OUT Pin=O1-1
Added Pin To Net: NetName=OSC_OUT Pin=R1-1
Added Pin To Net: NetName=OSC_OUT Pin=U1-24
Added Net: Name=OSC_OUT
Added Pin To Net: NetName=SPI1_MISO Pin=R30-2
Added Pin To Net: NetName=SPI1_MISO Pin=U1-42
Added Net: Name=SPI1_MISO
Added Pin To Net: NetName=SPI1_MOSI Pin=I8-2
Added Pin To Net: NetName=SPI1_MOSI Pin=R11-2
Added Net: Name=SPI1_MOSI
Added Pin To Net: NetName=SPI1_SCK Pin=I8-4
Added Pin To Net: NetName=SPI1_SCK Pin=R8-2
Added Net: Name=SPI1_SCK
Added Pin To Net: NetName=SWCLK Pin=R6-2
Added Pin To Net: NetName=SWCLK Pin=U1-109
Added Net: Name=SWCLK
Added Pin To Net: NetName=SWDIO Pin=R5-2
Added Pin To Net: NetName=SWDIO Pin=U1-105
Added Net: Name=SWDIO
Added Pin To Net: NetName=TIM1_CH1 Pin=D5-1
Added Pin To Net: NetName=TIM1_CH1 Pin=I6-3
Added Pin To Net: NetName=TIM1_CH1 Pin=U1-60
Added Net: Name=TIM1_CH1
Added Pin To Net: NetName=TIM1_CH2 Pin=D6-1
Added Pin To Net: NetName=TIM1_CH2 Pin=I7-3
Added Pin To Net: NetName=TIM1_CH2 Pin=U1-64
Added Net: Name=TIM1_CH2
Added Pin To Net: NetName=USART1_RX Pin=R25-2
Added Pin To Net: NetName=USART1_RX Pin=U1-102
Added Net: Name=USART1_RX
Added Pin To Net: NetName=USART1_TX Pin=I4-4
Added Pin To Net: NetName=USART1_TX Pin=R12-1
Added Pin To Net: NetName=USART1_TX Pin=R23-1
Added Net: Name=USART1_TX
Added Pin To Net: NetName=USART6_RX Pin=R26-2
Added Pin To Net: NetName=USART6_RX Pin=U1-97
Added Net: Name=USART6_RX
Added Pin To Net: NetName=USART6_TX Pin=I5-4
Added Pin To Net: NetName=USART6_TX Pin=R13-1
Added Pin To Net: NetName=USART6_TX Pin=R24-1
Added Net: Name=USART6_TX
Added Pin To Net: NetName=VCC Pin=C17-1
Added Pin To Net: NetName=VCC Pin=C28-1
Added Pin To Net: NetName=VCC Pin=C29-1
Added Pin To Net: NetName=VCC Pin=D1-1
Added Pin To Net: NetName=VCC Pin=I1-2
Added Pin To Net: NetName=VCC Pin=U2-4
Added Pin To Net: NetName=VCC Pin=U2-5
Added Net: Name=VCC
Added Class: Name=Sheet1
